Построение начато 10.05.2017 11:50:18.
     1>Проект "D:\UTM\PW\Lab6\Lab1\Lab1.vcxproj" в узле 2 (целевые объекты Build).
     1>ClCompile:
         C:\Program Files (x86)\Microsoft Visual Studio 11.0\VC\bin\CL.exe /c /ZI /nologo /W3 /WX- /Od /Oy- /D WIN32 /D _DEBUG /D _WINDOWS /D _MBCS /Gm /EHsc /RTC1 /MDd /GS /fp:precise /Zc:wchar_t /Zc:forScope /Fo"Debug\\" /Fd"Debug\vc110.pdb" /Gd /TC /analyze- /errorReport:prompt Lab1.c
         Lab1.c
     1>d:\utm\pw\lab6\lab1\lab1.c(43): warning C4133: =: несовместимые типы - из "LPCWSTR" в "LPCSTR"
     1>d:\utm\pw\lab6\lab1\lab1.c(69): warning C4133: функция: несовместимые типы - из "LPCWSTR" в "LPCSTR"
     1>d:\utm\pw\lab6\lab1\lab1.c(73): warning C4133: функция: несовместимые типы - из "LPCWSTR" в "LPCSTR"
     1>d:\utm\pw\lab6\lab1\lab1.c(160): warning C4996: 'localtime': This function or variable may be unsafe. Consider using localtime_s instead. To disable deprecation, use _CRT_SECURE_NO_WARNINGS. See online help for details.
                 c:\program files (x86)\microsoft visual studio 11.0\vc\include\time.inl(112): см. объявление "localtime"
     1>d:\utm\pw\lab6\lab1\lab1.c(162): warning C4133: функция: несовместимые типы - из "LPWSTR" в "LPSTR"
     1>d:\utm\pw\lab6\lab1\lab1.c(163): warning C4133: функция: несовместимые типы - из "LPWSTR" в "LPCSTR"
     1>d:\utm\pw\lab6\lab1\lab1.c(184): warning C4996: 'localtime': This function or variable may be unsafe. Consider using localtime_s instead. To disable deprecation, use _CRT_SECURE_NO_WARNINGS. See online help for details.
                 c:\program files (x86)\microsoft visual studio 11.0\vc\include\time.inl(112): см. объявление "localtime"
     1>d:\utm\pw\lab6\lab1\lab1.c(192): warning C4996: 'localtime': This function or variable may be unsafe. Consider using localtime_s instead. To disable deprecation, use _CRT_SECURE_NO_WARNINGS. See online help for details.
                 c:\program files (x86)\microsoft visual studio 11.0\vc\include\time.inl(112): см. объявление "localtime"
     1>d:\utm\pw\lab6\lab1\lab1.c(205): warning C4996: 'localtime': This function or variable may be unsafe. Consider using localtime_s instead. To disable deprecation, use _CRT_SECURE_NO_WARNINGS. See online help for details.
                 c:\program files (x86)\microsoft visual studio 11.0\vc\include\time.inl(112): см. объявление "localtime"
     1>d:\utm\pw\lab6\lab1\lab1.c(170): warning C4101: hDC: неиспользованная локальная переменная
     1>d:\utm\pw\lab6\lab1\lab1.c(170): warning C4101: hCompatibleDC: неиспользованная локальная переменная
     1>d:\utm\pw\lab6\lab1\lab1.c(171): warning C4101: PaintStruct: неиспользованная локальная переменная
       Link:
         C:\Program Files (x86)\Microsoft Visual Studio 11.0\VC\bin\link.exe /ERRORREPORT:PROMPT /OUT:"D:\UTM\PW\Lab6\Debug\Lab1.exe" /INCREMENTAL /NOLOGO kernel32.lib user32.lib gdi32.lib winspool.lib comdlg32.lib advapi32.lib shell32.lib ole32.lib oleaut32.lib uuid.lib odbc32.lib odbccp32.lib /MANIFEST /MANIFESTUAC:"level='asInvoker' uiAccess='false'" /manifest:embed /DEBUG /PDB:"D:\UTM\PW\Lab6\Debug\Lab1.pdb" /SUBSYSTEM:WINDOWS /TLBID:1 /DYNAMICBASE /NXCOMPAT /IMPLIB:"D:\UTM\PW\Lab6\Debug\Lab1.lib" /MACHINE:X86 Debug\Lab1.obj
         Lab1.vcxproj -> D:\UTM\PW\Lab6\Debug\Lab1.exe
     1>Построение проекта "D:\UTM\PW\Lab6\Lab1\Lab1.vcxproj" завершено (целевые объекты Build).

Построение успешно завершено.

Затраченное время: 00:00:05.38
