Построение начато 26.04.2017 13:15:31.
     1>Проект "D:\UTM\PW\Lab4\Lab1\Lab1.vcxproj" в узле 2 (целевые объекты Build).
     1>ClCompile:
         C:\Program Files (x86)\Microsoft Visual Studio 11.0\VC\bin\CL.exe /c /ZI /nologo /W3 /WX- /Od /Oy- /D WIN32 /D _DEBUG /D _WINDOWS /D _MBCS /Gm /EHsc /RTC1 /MDd /GS /fp:precise /Zc:wchar_t /Zc:forScope /Fo"Debug\\" /Fd"Debug\vc110.pdb" /Gd /TC /analyze- /errorReport:prompt Lab1.c
         Lab1.c
     1>d:\utm\pw\lab4\lab1\lab1.c(97): warning C4244: =: преобразование "double" в "float", возможна потеря данных
     1>d:\utm\pw\lab4\lab1\lab1.c(108): warning C4244: =: преобразование "double" в "LONG", возможна потеря данных
     1>d:\utm\pw\lab4\lab1\lab1.c(109): warning C4244: =: преобразование "double" в "LONG", возможна потеря данных
     1>d:\utm\pw\lab4\lab1\lab1.c(110): warning C4244: =: преобразование "double" в "LONG", возможна потеря данных
     1>d:\utm\pw\lab4\lab1\lab1.c(111): warning C4244: =: преобразование "double" в "LONG", возможна потеря данных
     1>d:\utm\pw\lab4\lab1\lab1.c(112): warning C4244: =: преобразование "double" в "LONG", возможна потеря данных
     1>d:\utm\pw\lab4\lab1\lab1.c(113): warning C4244: =: преобразование "double" в "LONG", возможна потеря данных
     1>d:\utm\pw\lab4\lab1\lab1.c(150): warning C4305: -=: усечение из "double" к "float"
     1>d:\utm\pw\lab4\lab1\lab1.c(154): warning C4305: +=: усечение из "double" к "float"
       Link:
         C:\Program Files (x86)\Microsoft Visual Studio 11.0\VC\bin\link.exe /ERRORREPORT:PROMPT /OUT:"D:\UTM\PW\Lab4\Debug\Lab1.exe" /INCREMENTAL /NOLOGO kernel32.lib user32.lib gdi32.lib winspool.lib comdlg32.lib advapi32.lib shell32.lib ole32.lib oleaut32.lib uuid.lib odbc32.lib odbccp32.lib /MANIFEST /MANIFESTUAC:"level='asInvoker' uiAccess='false'" /manifest:embed /DEBUG /PDB:"D:\UTM\PW\Lab4\Debug\Lab1.pdb" /SUBSYSTEM:WINDOWS /TLBID:1 /DYNAMICBASE /NXCOMPAT /IMPLIB:"D:\UTM\PW\Lab4\Debug\Lab1.lib" /MACHINE:X86 Debug\Lab1.obj
         Lab1.vcxproj -> D:\UTM\PW\Lab4\Debug\Lab1.exe
     1>Построение проекта "D:\UTM\PW\Lab4\Lab1\Lab1.vcxproj" завершено (целевые объекты Build).

Построение успешно завершено.

Затраченное время: 00:00:04.64
