Построение начато 13.12.2016 7:22:33.
     1>Проект "D:\UTM\Metoade Numerice\L2\L2\L2.vcxproj" в узле 2 (целевые объекты Build).
     1>ClCompile:
         C:\Program Files\Microsoft Visual Studio 11.0\VC\bin\CL.exe /c /ZI /nologo /W3 /WX- /Od /Oy- /D WIN32 /D _DEBUG /D _CONSOLE /D _UNICODE /D UNICODE /Gm /EHsc /RTC1 /MDd /GS /fp:precise /Zc:wchar_t /Zc:forScope /Fo"Debug\\" /Fd"Debug\vc110.pdb" /Gd /TP /analyze- /errorReport:prompt l2.cpp
         l2.cpp
     1>d:\utm\metoade numerice\l2\l2\l2.cpp(88): warning C4244: аргумент: преобразование "double" в "float", возможна потеря данных
     1>d:\utm\metoade numerice\l2\l2\l2.cpp(89): warning C4244: аргумент: преобразование "double" в "float", возможна потеря данных
     1>d:\utm\metoade numerice\l2\l2\l2.cpp(95): warning C4244: аргумент: преобразование "double" в "float", возможна потеря данных
     1>d:\utm\metoade numerice\l2\l2\l2.cpp(97): warning C4244: аргумент: преобразование "double" в "float", возможна потеря данных
     1>d:\utm\metoade numerice\l2\l2\l2.cpp(114): warning C4244: аргумент: преобразование "double" в "float", возможна потеря данных
     1>d:\utm\metoade numerice\l2\l2\l2.cpp(118): warning C4244: аргумент: преобразование "double" в "float", возможна потеря данных
     1>d:\utm\metoade numerice\l2\l2\l2.cpp(72): warning C4101: maxi: неиспользованная локальная переменная
     1>d:\utm\metoade numerice\l2\l2\l2.cpp(134): warning C4244: +=: преобразование "double" в "float", возможна потеря данных
     1>d:\utm\metoade numerice\l2\l2\l2.cpp(140): warning C4244: +=: преобразование "double" в "float", возможна потеря данных
     1>d:\utm\metoade numerice\l2\l2\l2.cpp(157): warning C4244: аргумент: преобразование "double" в "float", возможна потеря данных
     1>d:\utm\metoade numerice\l2\l2\l2.cpp(158): warning C4244: аргумент: преобразование "double" в "float", возможна потеря данных
     1>d:\utm\metoade numerice\l2\l2\l2.cpp(162): warning C4996: 'getch': The POSIX name for this item is deprecated. Instead, use the ISO C++ conformant name: _getch. See online help for details.
                 c:\program files\microsoft visual studio 11.0\vc\include\conio.h(131): см. объявление "getch"
     1>d:\utm\metoade numerice\l2\l2\l2.cpp(172): warning C4244: аргумент: преобразование "double" в "float", возможна потеря данных
     1>d:\utm\metoade numerice\l2\l2\l2.cpp(177): warning C4244: аргумент: преобразование "double" в "float", возможна потеря данных
     1>d:\utm\metoade numerice\l2\l2\l2.cpp(178): warning C4244: аргумент: преобразование "double" в "float", возможна потеря данных
     1>d:\utm\metoade numerice\l2\l2\l2.cpp(191): warning C4996: 'getch': The POSIX name for this item is deprecated. Instead, use the ISO C++ conformant name: _getch. See online help for details.
                 c:\program files\microsoft visual studio 11.0\vc\include\conio.h(131): см. объявление "getch"
     1>d:\utm\metoade numerice\l2\l2\l2.cpp(203): warning C4244: аргумент: преобразование "double" в "float", возможна потеря данных
     1>d:\utm\metoade numerice\l2\l2\l2.cpp(206): warning C4244: аргумент: преобразование "double" в "float", возможна потеря данных
       Link:
         C:\Program Files\Microsoft Visual Studio 11.0\VC\bin\link.exe /ERRORREPORT:PROMPT /OUT:"D:\UTM\Metoade Numerice\L2\Debug\L2.exe" /INCREMENTAL /NOLOGO kernel32.lib user32.lib gdi32.lib winspool.lib comdlg32.lib advapi32.lib shell32.lib ole32.lib oleaut32.lib uuid.lib odbc32.lib odbccp32.lib /MANIFEST /MANIFESTUAC:"level='asInvoker' uiAccess='false'" /manifest:embed /DEBUG /PDB:"D:\UTM\Metoade Numerice\L2\Debug\L2.pdb" /SUBSYSTEM:CONSOLE /TLBID:1 /DYNAMICBASE /NXCOMPAT /IMPLIB:"D:\UTM\Metoade Numerice\L2\Debug\L2.lib" /MACHINE:X86 Debug\l2.obj
         L2.vcxproj -> D:\UTM\Metoade Numerice\L2\Debug\L2.exe
     1>Построение проекта "D:\UTM\Metoade Numerice\L2\L2\L2.vcxproj" завершено (целевые объекты Build).

Построение успешно завершено.

Затраченное время: 00:00:02.07
