Построение начато 13.10.2016 9:16:19.
     1>Проект "D:\UTM\C++\Laba2\Laba2\Laba2.vcxproj" в узле 2 (целевые объекты Build).
     1>ClCompile:
         C:\Program Files\Microsoft Visual Studio 11.0\VC\bin\CL.exe /c /ZI /nologo /W3 /WX- /Od /Oy- /D WIN32 /D _DEBUG /D _CONSOLE /D _UNICODE /D UNICODE /Gm /EHsc /RTC1 /MDd /GS /fp:precise /Zc:wchar_t /Zc:forScope /Fo"Debug\\" /Fd"Debug\vc110.pdb" /Gd /TP /analyze- /errorReport:prompt Laba2.cpp
         Laba2.cpp
     1>d:\utm\c++\laba2\laba2\laba2.cpp(154): warning C4996: 'strcpy': This function or variable may be unsafe. Consider using strcpy_s instead. To disable deprecation, use _CRT_SECURE_NO_WARNINGS. See online help for details.
                 c:\program files\microsoft visual studio 11.0\vc\include\string.h(110): см. объявление "strcpy"
     1>d:\utm\c++\laba2\laba2\laba2.cpp(157): warning C4996: 'strcpy': This function or variable may be unsafe. Consider using strcpy_s instead. To disable deprecation, use _CRT_SECURE_NO_WARNINGS. See online help for details.
                 c:\program files\microsoft visual studio 11.0\vc\include\string.h(110): см. объявление "strcpy"
     1>d:\utm\c++\laba2\laba2\laba2.cpp(171): warning C4996: 'strcpy': This function or variable may be unsafe. Consider using strcpy_s instead. To disable deprecation, use _CRT_SECURE_NO_WARNINGS. See online help for details.
                 c:\program files\microsoft visual studio 11.0\vc\include\string.h(110): см. объявление "strcpy"
     1>d:\utm\c++\laba2\laba2\laba2.cpp(174): warning C4996: 'strcpy': This function or variable may be unsafe. Consider using strcpy_s instead. To disable deprecation, use _CRT_SECURE_NO_WARNINGS. See online help for details.
                 c:\program files\microsoft visual studio 11.0\vc\include\string.h(110): см. объявление "strcpy"
     1>d:\utm\c++\laba2\laba2\laba2.cpp(181): warning C4996: 'strcpy': This function or variable may be unsafe. Consider using strcpy_s instead. To disable deprecation, use _CRT_SECURE_NO_WARNINGS. See online help for details.
                 c:\program files\microsoft visual studio 11.0\vc\include\string.h(110): см. объявление "strcpy"
     1>d:\utm\c++\laba2\laba2\laba2.cpp(203): warning C4996: 'strcpy': This function or variable may be unsafe. Consider using strcpy_s instead. To disable deprecation, use _CRT_SECURE_NO_WARNINGS. See online help for details.
                 c:\program files\microsoft visual studio 11.0\vc\include\string.h(110): см. объявление "strcpy"
     1>d:\utm\c++\laba2\laba2\laba2.cpp(225): warning C4101: matrix3: неиспользованная локальная переменная
     1>d:\utm\c++\laba2\laba2\laba2.cpp(87): warning C4715: Matrix::setElement: значение возвращается не при всех путях выполнения
       Link:
         C:\Program Files\Microsoft Visual Studio 11.0\VC\bin\link.exe /ERRORREPORT:PROMPT /OUT:"D:\UTM\C++\Laba2\Debug\Laba2.exe" /INCREMENTAL /NOLOGO kernel32.lib user32.lib gdi32.lib winspool.lib comdlg32.lib advapi32.lib shell32.lib ole32.lib oleaut32.lib uuid.lib odbc32.lib odbccp32.lib /MANIFEST /MANIFESTUAC:"level='asInvoker' uiAccess='false'" /manifest:embed /DEBUG /PDB:"D:\UTM\C++\Laba2\Debug\Laba2.pdb" /SUBSYSTEM:CONSOLE /TLBID:1 /DYNAMICBASE /NXCOMPAT /IMPLIB:"D:\UTM\C++\Laba2\Debug\Laba2.lib" /MACHINE:X86 Debug\Laba2.obj
         Laba2.vcxproj -> D:\UTM\C++\Laba2\Debug\Laba2.exe
     1>Построение проекта "D:\UTM\C++\Laba2\Laba2\Laba2.vcxproj" завершено (целевые объекты Build).

Построение успешно завершено.

Затраченное время: 00:00:03.28
