Build started 3/29/2017 1:26:43 PM.
     1>Project "C:\Users\zveri\OneDrive\Documents\Visual Studio 2015\Projects\Win32Project1\Win32Project1\Win32Project1.vcxproj" on node 2 (Build target(s)).
     1>ClCompile:
         C:\Program Files (x86)\Microsoft Visual Studio 14.0\VC\bin\CL.exe /c /ZI /nologo /W3 /WX- /sdl /Od /Oy- /D WIN32 /D _DEBUG /D _WINDOWS /D _MBCS /Gm /EHsc /RTC1 /MDd /GS /fp:precise /Zc:wchar_t /Zc:forScope /Zc:inline /Fo"Debug\\" /Fd"Debug\vc140.pdb" /Gd /TC /analyze- /errorReport:prompt lab1.c
         lab1.c
     1>c:\users\zveri\onedrive\documents\visual studio 2015\projects\win32project1\win32project1\lab1.c(100): warning C4244: '=': conversion from 'double' to 'float', possible loss of data
     1>c:\users\zveri\onedrive\documents\visual studio 2015\projects\win32project1\win32project1\lab1.c(111): warning C4244: '=': conversion from 'double' to 'LONG', possible loss of data
     1>c:\users\zveri\onedrive\documents\visual studio 2015\projects\win32project1\win32project1\lab1.c(112): warning C4244: '=': conversion from 'double' to 'LONG', possible loss of data
     1>c:\users\zveri\onedrive\documents\visual studio 2015\projects\win32project1\win32project1\lab1.c(113): warning C4244: '=': conversion from 'double' to 'LONG', possible loss of data
     1>c:\users\zveri\onedrive\documents\visual studio 2015\projects\win32project1\win32project1\lab1.c(114): warning C4244: '=': conversion from 'double' to 'LONG', possible loss of data
     1>c:\users\zveri\onedrive\documents\visual studio 2015\projects\win32project1\win32project1\lab1.c(115): warning C4244: '=': conversion from 'double' to 'LONG', possible loss of data
     1>c:\users\zveri\onedrive\documents\visual studio 2015\projects\win32project1\win32project1\lab1.c(116): warning C4244: '=': conversion from 'double' to 'LONG', possible loss of data
     1>c:\users\zveri\onedrive\documents\visual studio 2015\projects\win32project1\win32project1\lab1.c(132): warning C4305: '-=': truncation from 'double' to 'float'
     1>c:\users\zveri\onedrive\documents\visual studio 2015\projects\win32project1\win32project1\lab1.c(136): warning C4305: '+=': truncation from 'double' to 'float'
     1>c:\users\zveri\onedrive\documents\visual studio 2015\projects\win32project1\win32project1\lab1.c(91): warning C4101: 'hBrush': unreferenced local variable
       Link:
         C:\Program Files (x86)\Microsoft Visual Studio 14.0\VC\bin\link.exe /ERRORREPORT:PROMPT /OUT:"C:\Users\zveri\OneDrive\Documents\Visual Studio 2015\Projects\Win32Project1\Debug\Win32Project1.exe" /INCREMENTAL /NOLOGO kernel32.lib user32.lib gdi32.lib winspool.lib comdlg32.lib advapi32.lib shell32.lib ole32.lib oleaut32.lib uuid.lib odbc32.lib odbccp32.lib /MANIFEST /MANIFESTUAC:"level='asInvoker' uiAccess='false'" /manifest:embed /Debug /PDB:"C:\Users\zveri\OneDrive\Documents\Visual Studio 2015\Projects\Win32Project1\Debug\Win32Project1.pdb" /SUBSYSTEM:WINDOWS /TLBID:1 /DYNAMICBASE /NXCOMPAT /IMPLIB:"C:\Users\zveri\OneDrive\Documents\Visual Studio 2015\Projects\Win32Project1\Debug\Win32Project1.lib" /MACHINE:X86 Debug\lab1.obj
         Win32Project1.vcxproj -> C:\Users\zveri\OneDrive\Documents\Visual Studio 2015\Projects\Win32Project1\Debug\Win32Project1.exe
     1>Done Building Project "C:\Users\zveri\OneDrive\Documents\Visual Studio 2015\Projects\Win32Project1\Win32Project1\Win32Project1.vcxproj" (Build target(s)).

Build succeeded.

Time Elapsed 00:00:01.11
